INFO:root:TTbKRT4ggekwqyVX2MqbCze8v7gfdban9dFk pk: 383834e9439e1449f0e53fae029993e549f365d5e5bf7722d2dec3a39a7f2c9e pw: password123
INFO:root:TTbKRT4grYGebwy7TgsPtjHYGr5ZCpgcwc9B pk: 13a2afb1c3f1191eb6ac20c52457fe54775c1119e734fa568c87383cfe5e56a9 pw: password123
INFO:root:TTbKRT4hsHgHSufJ4guFFGpWnsArBZFRtRw5 pk: b14a315003cc7947cf52c9ae6ae783a0942693b5a678b6009fcc07ecbc96e8ae pw: password123
INFO:root:TTbKRT4ihhbTBeW87ugyMQgxfFbVCznUFh43 pk: 8a21446e6e990178d1c2753cc72d0ac63f55a314f0e9d096568bea7fb0f183c7 pw: password123
INFO:root:TTbKRT4jNjnK4NgnXuzZbs7p9sTsczZA9qh1 pk: a0289d284bce545d9d3a04522929e58b889c2c9255bf28a54bd179dcbcfd8760 pw: password123
INFO:root:TTbKRT4jwVBPfM2di6cv5nSqKBeAi54GXWoG pk: 30ba24ce90c205d22e7518b77ca2fb26a3636703fa37c461143d33cd239f16d5 pw: password123
INFO:root:TTbKRT4jXgGSypSbiS8Mryn7EvoqAxAQkqr4 pk: 10de80923402412768a98d1ed339b0f4419b924afd350bad4b124dcf0e93a72a pw: password123
INFO:root:TTbKRT4kWZL3LBetgKYGCqGn4zm3FwgvAB3D pk: 6ecf56586cdac48caec370153b07cb7de5c978166cd47c7c1b787b6b43831253 pw: password123
INFO:root:TTbKRT4kYa7rQXTR3616EsMT6xmPT1pvsris pk: acf02ad32caf36178c2214be44ca4df28ebeadc988a85aa394ff564e12a86a06 pw: password123
INFO:root:TTbKRT4m77RHKTFoY46omXemBGBPgVNak1zS pk: 67bde57aa487dd2ba809cce58999e28e83eb63bb793c4f6849afdc83e5327b4d pw: password123
INFO:root:TTbKRT4nxYfyWgATiHh3dZBrpFe2osT6H21B pk: a5e97c379eb3dafd8264efb02fda6de022b187c47bf8c3889dc80f1fdfd0dcd2 pw: password123
INFO:root:TTbKRT4o2Wm5aejgdV3pxC2jVYw5DzGsFzj5 pk: 3ab0fe896a53eb5bcdb6db49b8c1561b1a0faeebe529d82fc54669eabf95eb8e pw: password123
INFO:root:TTbKRT4oNGc58s1K6zw3AUbcfJr9V7SU3WKv pk: 7a06aa90fe31c924eac7b752a1b84a6666495fe47638bad064190fa944a16865 pw: password123
INFO:root:TTbKRT4ooR8Yb4VgRRitEpDt74qGzo7cNVnQ pk: 412225f2905c019064b3f031909b170219be95988ee9701be265a705ed1ebfd9 pw: password123
INFO:root:TTbKRT4qYZtALN5vZGHbbNToqTzSTcMJpapL pk: 1f913cf8185a9a15827fc162176c9118877eec8ccf1ffce3040ae682d55b7bf8 pw: password123
INFO:root:TTbKRT4riVan8h5hRJevzt9bJ11FSKuDVGiU pk: 0d799e490c42a2150029b43430bf4b9897ab258bc4a3b98033b794ce91724565 pw: password123
INFO:root:TTbKRT4sddAQ9j3fVvmvneFA32k1yzfsvC4p pk: 50e7ac494d0f000a65ad71a505bdd414a2b7967714579f432e46a0f9eb2434c9 pw: password123
INFO:root:TTbKRT4sEkWV71GG1D2kTTELyKVrYU3r8J5e pk: 7f8deea6d4dd9f6ca4ada0bd50a7ba067c3d1abff78fd80ddc5d0311393810a6 pw: password123
INFO:root:TTbKRT4taQHeh9XrH7WhzVDu5UM5S2cMEguR pk: c66edc5e7c6240dceb1301f44046a0a8a5f4e0a96f4c7a2eb1e2a045dc8d15b1 pw: password123
INFO:root:TTbKRT4tXjJHA9dURtPCDRDfgyQrbdhrmxsy pk: 88aae29ba759804bf9cf608a85460f21decfd3cefecfd77b235622afe3455c32 pw: password123
INFO:root:TTbKRT4u1cND3XGYg6F2KxACcg6e3uewwJ2y pk: 3577aed4c93b1abdd122b6f775520df8d89126c7bdf68825aad7768358db1c87 pw: password123
INFO:root:TTbKRT4u1KQY4ZUs4qQUetq6mQgTXmTB3Yhh pk: a829ee9cc45797b9699bd16345d157b08c89aaa23a86b2ccf51a170211041a83 pw: password123
INFO:root:TTbKRT4uQxympsoeAZJaadgH8G6CoapZAzG6 pk: da86bcceb0b2c3c695196201a195b2ddcfab6af05ad8092f304da14c6d9c59b3 pw: password123
INFO:root:TTbKRT4vzTPhYDqdXCCDJuXUKvPNoTjFqXJm pk: acbf373a69b7c9dd8139b478f86f3cc9c761eb12800c125bd2afedf98d8d6f7f pw: password123
INFO:root:TTbKRT4wkUjLYmWeT4faSPWxYdBGtt41AcM3 pk: fbbfda62df182e0ffbc8bc024ad281833d2c712ea440b4646cd16b836c6eaf5a pw: password123
INFO:root:TTbKRT4xBpnSBEvVqvbbRRXjPEBAkKnL2XGS pk: 1ebdedd0fe51e05e6e5123ee8a6ad1cc579a8138a061b3a13c5bb1fe610b2985 pw: password123
INFO:root:TTbKRT4o2PPpu3xuKLWCbY1Y6mbmNPB6Gxst pk: 17f3f94ab96884840e66e6f4e5f891da5e30b235308ce0a780ca0439fa11ec09 pw: password123
INFO:root:TTbKRT4oqYmhia4jG8kbBjGzS5Skx59Q94ej pk: 21e66b257999dac271b37db42d8534bb972a6592d22a514ba565a672111e8559 pw: password123
INFO:root:TTbKRT4vMkq94SLRCZFgRQpQ252SejJQnZrR pk: eaac31a4daa6656fbeac4717b85322b3ed14211fa505c8a7c4007466b3b8dfcb pw: password123
INFO:root:TTbKRT4hTEmtvqcsh6KujDc7ndB4Y3TcPkbY pk: 3241f3e50952ea046279d9e293dd10ec13b00c7110948d23ede266ff7957ceb2 pw: password123
INFO:root:TTbKRT4qJ62XeqDC7L5DyHgJwX1Mowsv5LCp pk: e12bc62e79f18357257b11bc87c36c48922910808c1107b0117140316f0b873e pw: password123
